<?xml version="1.0" encoding="UTF-8"?>
<testng-results ignored="0" total="1" passed="1" failed="0" skipped="0">
  <reporter-output>
  </reporter-output>
  <suite started-at="2020-06-16T13:43:15 IST" name="Default suite" finished-at="2020-06-16T13:44:49 IST" duration-ms="93143">
    <groups>
      <group name="sanity">
        <method signature="SingIn.SignIn()[pri:0, instance:com.dotcom.testcases.SingIn@87a85e1]" name="SignIn" class="com.dotcom.testcases.SingIn"/>
      </group> <!-- sanity -->
    </groups>
    <test started-at="2020-06-16T13:43:15 IST" name="Default test" finished-at="2020-06-16T13:44:49 IST" duration-ms="93143">
      <class name="com.dotcom.testcases.SingIn">
        <test-method signature="SignIn()[pri:0, instance:com.dotcom.testcases.SingIn@87a85e1]" started-at="2020-06-16T13:43:15 IST" name="SignIn" finished-at="2020-06-16T13:44:49 IST" duration-ms="93106" status="PASS">
          <reporter-output>
          </reporter-output>
        </test-method> <!-- SignIn -->
      </class> <!-- com.dotcom.testcases.SingIn -->
    </test> <!-- Default test -->
  </suite> <!-- Default suite -->
</testng-results>
